2022-09-29T07:27:55.065664+00:00
Create Relation ADR_CONTROL
Create Relation ADR_INVALIDATION
Create Relation INC_METER_IMPT_DEF
Create Relation INC_METER_PK_IMPTS


***********************************************************************

Fatal NI connect error 12541, connecting to:
 (DESCRIPTION=(ADDRESS=(PROTOCOL=TCP)(HOST=10.6.1.169)(PORT=1521))(CONNECT_DATA=(SID=orawb)(CID=(PROGRAM=php-fpm:?pool?www)(HOST=829210f0dc0f)(USER=www-data))))

  VERSION INFORMATION:
	TNS for Linux: Version 12.2.0.1.0 - Production
	TCP/IP NT Protocol Adapter for Linux: Version 12.2.0.1.0 - Production
  Time: 29-SEP-2022 07:27:56
2022-09-29T07:27:56.306459+00:00
  Tracing not turned on.
  Tns error struct:
    ns main err code: 12541
    
TNS-12541: Message 12541 not found; No message file for product=network, facility=TNS
    ns secondary err code: 12560
    nt main err code: 511
    
TNS-00511: Message 511 not found; No message file for product=network, facility=TNS
    nt secondary err code: 111
    nt OS err code: 0
