2022-08-24T06:40:26.046168+00:00
Create Relation ADR_CONTROL
Create Relation ADR_INVALIDATION
Create Relation INC_METER_IMPT_DEF
2022-08-24T06:40:27.130040+00:00
Create Relation INC_METER_PK_IMPTS


***********************************************************************

Fatal NI connect error 12541, connecting to:
 (DESCRIPTION=(ADDRESS=(PROTOCOL=TCP)(HOST=10.6.1.169)(PORT=1521))(CONNECT_DATA=(SID=orawb)(CID=(PROGRAM=php-fpm:?pool?www)(HOST=00fe7149454e)(USER=www-data))))

  VERSION INFORMATION:
	TNS for Linux: Version 12.2.0.1.0 - Production
	TCP/IP NT Protocol Adapter for Linux: Version 12.2.0.1.0 - Production
  Time: 24-AUG-2022 06:40:27
  Tracing not turned on.
  Tns error struct:
    ns main err code: 12541
    
2022-08-24T06:40:28.172547+00:00
TNS-12541: Message 12541 not found; No message file for product=network, facility=TNS
    ns secondary err code: 12560
    nt main err code: 511
    
TNS-00511: Message 511 not found; No message file for product=network, facility=TNS
    nt secondary err code: 111
    nt OS err code: 0
2022-08-26T07:01:52.201216+00:00


***********************************************************************

Fatal NI connect error 12541, connecting to:
 (DESCRIPTION=(ADDRESS=(PROTOCOL=TCP)(HOST=10.6.1.169)(PORT=1521))(CONNECT_DATA=(SID=orawb)(CID=(PROGRAM=php-fpm:?pool?www)(HOST=00fe7149454e)(USER=www-data))))

  VERSION INFORMATION:
	TNS for Linux: Version 12.2.0.1.0 - Production
	TCP/IP NT Protocol Adapter for Linux: Version 12.2.0.1.0 - Production
  Time: 26-AUG-2022 07:01:52
  Tracing not turned on.
  Tns error struct:
    ns main err code: 12541
    
TNS-12541: Message 12541 not found; No message file for product=network, facility=TNS
    ns secondary err code: 12560
    nt main err code: 511
    
TNS-00511: Message 511 not found; No message file for product=network, facility=TNS
    nt secondary err code: 111
    nt OS err code: 0
2022-08-27T12:07:05.514327+00:00


***********************************************************************

Fatal NI connect error 12541, connecting to:
 (DESCRIPTION=(ADDRESS=(PROTOCOL=TCP)(HOST=10.6.1.169)(PORT=1521))(CONNECT_DATA=(SID=orawb)(CID=(PROGRAM=php-fpm:?pool?www)(HOST=00fe7149454e)(USER=www-data))))

  VERSION INFORMATION:
	TNS for Linux: Version 12.2.0.1.0 - Production
	TCP/IP NT Protocol Adapter for Linux: Version 12.2.0.1.0 - Production
  Time: 27-AUG-2022 12:07:05
  Tracing not turned on.
  Tns error struct:
    ns main err code: 12541
    
TNS-12541: Message 12541 not found; No message file for product=network, facility=TNS
    ns secondary err code: 12560
    nt main err code: 511
    
TNS-00511: Message 511 not found; No message file for product=network, facility=TNS
    nt secondary err code: 111
    nt OS err code: 0
